<?xml version="1.0" encoding="UTF-8"?>
<testsuites>
  <testsuite name="/Users/vcnainala/Development/nfdi4chem/coconut/phpunit.xml" tests="171" assertions="346" errors="0" failures="0" skipped="1" time="8.627502">
    <testsuite name="Unit" tests="127" assertions="254" errors="0" failures="0" skipped="0" time="3.565882">
      <testsuite name="Tests\Unit\Documentation\Schemas\ResponsesTest" file="/Users/vcnainala/Development/nfdi4chem/coconut/tests/Unit/Documentation/Schemas/ResponsesTest.php" tests="2" assertions="7" errors="0" failures="0" skipped="0" time="0.003368">
        <testcase name="test_with_others_preserves_numeric_http_status_code_keys" file="/Users/vcnainala/Development/nfdi4chem/coconut/tests/Unit/Documentation/Schemas/ResponsesTest.php" line="11" class="Tests\Unit\Documentation\Schemas\ResponsesTest" classname="Tests.Unit.Documentation.Schemas.ResponsesTest" assertions="3" time="0.001683"/>
        <testcase name="test_json_serialize_preserves_numeric_http_status_code_keys" file="/Users/vcnainala/Development/nfdi4chem/coconut/tests/Unit/Documentation/Schemas/ResponsesTest.php" line="25" class="Tests\Unit\Documentation\Schemas\ResponsesTest" classname="Tests.Unit.Documentation.Schemas.ResponsesTest" assertions="4" time="0.001685"/>
      </testsuite>
      <testsuite name="Tests\Unit\OrganismTaxonomyMapperTest" file="/Users/vcnainala/Development/nfdi4chem/coconut/tests/Unit/OrganismTaxonomyMapperTest.php" tests="6" assertions="16" errors="0" failures="0" skipped="0" time="0.259283">
        <testcase name="test_parse_gnf_response_rejects_fuzzy_matches_by_default" file="/Users/vcnainala/Development/nfdi4chem/coconut/tests/Unit/OrganismTaxonomyMapperTest.php" line="94" class="Tests\Unit\OrganismTaxonomyMapperTest" classname="Tests.Unit.OrganismTaxonomyMapperTest" assertions="1" time="0.137467"/>
        <testsuite name="Tests\Unit\OrganismTaxonomyMapperTest::test_parse_gnf_response_handles_partial_matches" tests="2" assertions="2" errors="0" failures="0" skipped="0" time="0.048050">
          <testcase name="test_parse_gnf_response_handles_partial_matches with data set &quot;partial with parent hierarchy&quot;" file="/Users/vcnainala/Development/nfdi4chem/coconut/tests/Unit/OrganismTaxonomyMapperTest.php" line="140" class="Tests\Unit\OrganismTaxonomyMapperTest" classname="Tests.Unit.OrganismTaxonomyMapperTest" assertions="1" time="0.023762"/>
          <testcase name="test_parse_gnf_response_handles_partial_matches with data set &quot;partial without enough hierarchy&quot;" file="/Users/vcnainala/Development/nfdi4chem/coconut/tests/Unit/OrganismTaxonomyMapperTest.php" line="140" class="Tests\Unit\OrganismTaxonomyMapperTest" classname="Tests.Unit.OrganismTaxonomyMapperTest" assertions="1" time="0.024288"/>
        </testsuite>
        <testcase name="test_map_falls_back_to_gnf_when_ols_has_no_match" file="/Users/vcnainala/Development/nfdi4chem/coconut/tests/Unit/OrganismTaxonomyMapperTest.php" line="63" class="Tests\Unit\OrganismTaxonomyMapperTest" classname="Tests.Unit.OrganismTaxonomyMapperTest" assertions="4" time="0.027587"/>
        <testcase name="test_map_uses_family_rank_when_ols_family_match_is_found" file="/Users/vcnainala/Development/nfdi4chem/coconut/tests/Unit/OrganismTaxonomyMapperTest.php" line="118" class="Tests\Unit\OrganismTaxonomyMapperTest" classname="Tests.Unit.OrganismTaxonomyMapperTest" assertions="3" time="0.023370"/>
        <testcase name="test_map_returns_ols_species_match_with_correct_rank" file="/Users/vcnainala/Development/nfdi4chem/coconut/tests/Unit/OrganismTaxonomyMapperTest.php" line="27" class="Tests\Unit\OrganismTaxonomyMapperTest" classname="Tests.Unit.OrganismTaxonomyMapperTest" assertions="6" time="0.022810"/>
      </testsuite>
      <testsuite name="Tests\Unit\ReportPolicyTest" file="/Users/vcnainala/Development/nfdi4chem/coconut/tests/Unit/ReportPolicyTest.php" tests="6" assertions="7" errors="0" failures="0" skipped="0" time="0.714153">
        <testcase name="test_reporter_cannot_update_submitted_report" file="/Users/vcnainala/Development/nfdi4chem/coconut/tests/Unit/ReportPolicyTest.php" line="92" class="Tests\Unit\ReportPolicyTest" classname="Tests.Unit.ReportPolicyTest" assertions="1" time="0.444039"/>
        <testcase name="test_assigned_curator_two_can_update_pending_approval_report" file="/Users/vcnainala/Development/nfdi4chem/coconut/tests/Unit/ReportPolicyTest.php" line="61" class="Tests\Unit\ReportPolicyTest" classname="Tests.Unit.ReportPolicyTest" assertions="1" time="0.055357"/>
        <testcase name="test_curator_one_cannot_update_pending_approval_report_four_eyes" file="/Users/vcnainala/Development/nfdi4chem/coconut/tests/Unit/ReportPolicyTest.php" line="49" class="Tests\Unit\ReportPolicyTest" classname="Tests.Unit.ReportPolicyTest" assertions="1" time="0.062529"/>
        <testcase name="test_unassigned_curator_can_update_submitted_report_with_no_curator_one" file="/Users/vcnainala/Development/nfdi4chem/coconut/tests/Unit/ReportPolicyTest.php" line="100" class="Tests\Unit\ReportPolicyTest" classname="Tests.Unit.ReportPolicyTest" assertions="1" time="0.048417"/>
        <testcase name="test_curator_cannot_update_approved_or_rejected_report" file="/Users/vcnainala/Development/nfdi4chem/coconut/tests/Unit/ReportPolicyTest.php" line="75" class="Tests\Unit\ReportPolicyTest" classname="Tests.Unit.ReportPolicyTest" assertions="2" time="0.051431"/>
        <testcase name="test_assigned_curator_one_can_update_submitted_report_without_update_report_permission" file="/Users/vcnainala/Development/nfdi4chem/coconut/tests/Unit/ReportPolicyTest.php" line="37" class="Tests\Unit\ReportPolicyTest" classname="Tests.Unit.ReportPolicyTest" assertions="1" time="0.052381"/>
      </testsuite>
      <testsuite name="Tests\Unit\SearchMoleculeTest" file="/Users/vcnainala/Development/nfdi4chem/coconut/tests/Unit/SearchMoleculeTest.php" tests="3" assertions="6" errors="0" failures="0" skipped="0" time="0.111833">
        <testcase name="test_text_search_ranks_exact_name_match_before_synonym_match" file="/Users/vcnainala/Development/nfdi4chem/coconut/tests/Unit/SearchMoleculeTest.php" line="48" class="Tests\Unit\SearchMoleculeTest" classname="Tests.Unit.SearchMoleculeTest" assertions="3" time="0.042209"/>
        <testcase name="test_text_search_excludes_placeholder_parents" file="/Users/vcnainala/Development/nfdi4chem/coconut/tests/Unit/SearchMoleculeTest.php" line="32" class="Tests\Unit\SearchMoleculeTest" classname="Tests.Unit.SearchMoleculeTest" assertions="1" time="0.034241"/>
        <testcase name="test_text_search_includes_parent_without_variants_when_not_placeholder" file="/Users/vcnainala/Development/nfdi4chem/coconut/tests/Unit/SearchMoleculeTest.php" line="14" class="Tests\Unit\SearchMoleculeTest" classname="Tests.Unit.SearchMoleculeTest" assertions="2" time="0.035383"/>
      </testsuite>
      <testsuite name="Tests\Unit\OrganismTaxonomyBackfillScopeTest" file="/Users/vcnainala/Development/nfdi4chem/coconut/tests/Unit/OrganismTaxonomyBackfillScopeTest.php" tests="2" assertions="5" errors="0" failures="0" skipped="0" time="0.087837">
        <testcase name="test_needing_taxonomy_enrichment_only_uses_null_safe_sql_conditions" file="/Users/vcnainala/Development/nfdi4chem/coconut/tests/Unit/OrganismTaxonomyBackfillScopeTest.php" line="13" class="Tests\Unit\OrganismTaxonomyBackfillScopeTest" classname="Tests.Unit.OrganismTaxonomyBackfillScopeTest" assertions="3" time="0.046449"/>
        <testcase name="test_has_exact_taxonomy_enrichment_detects_non_exact_profiles_in_php" file="/Users/vcnainala/Development/nfdi4chem/coconut/tests/Unit/OrganismTaxonomyBackfillScopeTest.php" line="44" class="Tests\Unit\OrganismTaxonomyBackfillScopeTest" classname="Tests.Unit.OrganismTaxonomyBackfillScopeTest" assertions="2" time="0.041389"/>
      </testsuite>
      <testsuite name="Tests\Unit\OrganismCurationResolverTest" file="/Users/vcnainala/Development/nfdi4chem/coconut/tests/Unit/OrganismCurationResolverTest.php" tests="14" assertions="19" errors="0" failures="0" skipped="0" time="0.335003">
        <testcase name="test_fallback_lookup_candidates_skip_primary_name" file="/Users/vcnainala/Development/nfdi4chem/coconut/tests/Unit/OrganismCurationResolverTest.php" line="59" class="Tests\Unit\OrganismCurationResolverTest" classname="Tests.Unit.OrganismCurationResolverTest" assertions="2" time="0.026713"/>
        <testcase name="test_lookup_candidates_include_genus_fallback_for_species_placeholder" file="/Users/vcnainala/Development/nfdi4chem/coconut/tests/Unit/OrganismCurationResolverTest.php" line="49" class="Tests\Unit\OrganismCurationResolverTest" classname="Tests.Unit.OrganismCurationResolverTest" assertions="2" time="0.023470"/>
        <testcase name="test_lookup_candidates_strip_strain_suffix_from_species_placeholder" file="/Users/vcnainala/Development/nfdi4chem/coconut/tests/Unit/OrganismCurationResolverTest.php" line="120" class="Tests\Unit\OrganismCurationResolverTest" classname="Tests.Unit.OrganismCurationResolverTest" assertions="1" time="0.023318"/>
        <testcase name="test_lookup_candidates_map_vernacular_names_to_scientific_names" file="/Users/vcnainala/Development/nfdi4chem/coconut/tests/Unit/OrganismCurationResolverTest.php" line="69" class="Tests\Unit\OrganismCurationResolverTest" classname="Tests.Unit.OrganismCurationResolverTest" assertions="1" time="0.023037"/>
        <testcase name="test_annotate_resolved_taxonomy_records_curation_metadata" file="/Users/vcnainala/Development/nfdi4chem/coconut/tests/Unit/OrganismCurationResolverTest.php" line="88" class="Tests\Unit\OrganismCurationResolverTest" classname="Tests.Unit.OrganismCurationResolverTest" assertions="3" time="0.023774"/>
        <testcase name="test_lookup_candidates_strip_hybrid_and_infraspecific_markers" file="/Users/vcnainala/Development/nfdi4chem/coconut/tests/Unit/OrganismCurationResolverTest.php" line="78" class="Tests\Unit\OrganismCurationResolverTest" classname="Tests.Unit.OrganismCurationResolverTest" assertions="2" time="0.023232"/>
        <testsuite name="Tests\Unit\OrganismCurationResolverTest::test_classify_detects_curation_patterns" tests="6" assertions="6" errors="0" failures="0" skipped="0" time="0.141816">
          <testcase name="test_classify_detects_curation_patterns with data set &quot;vernacular dictionary&quot;" file="/Users/vcnainala/Development/nfdi4chem/coconut/tests/Unit/OrganismCurationResolverTest.php" line="23" class="Tests\Unit\OrganismCurationResolverTest" classname="Tests.Unit.OrganismCurationResolverTest" assertions="1" time="0.023161"/>
          <testcase name="test_classify_detects_curation_patterns with data set &quot;infraspecific&quot;" file="/Users/vcnainala/Development/nfdi4chem/coconut/tests/Unit/OrganismCurationResolverTest.php" line="23" class="Tests\Unit\OrganismCurationResolverTest" classname="Tests.Unit.OrganismCurationResolverTest" assertions="1" time="0.025580"/>
          <testcase name="test_classify_detects_curation_patterns with data set &quot;hybrid notation&quot;" file="/Users/vcnainala/Development/nfdi4chem/coconut/tests/Unit/OrganismCurationResolverTest.php" line="23" class="Tests\Unit\OrganismCurationResolverTest" classname="Tests.Unit.OrganismCurationResolverTest" assertions="1" time="0.023596"/>
          <testcase name="test_classify_detects_curation_patterns with data set &quot;undetermined&quot;" file="/Users/vcnainala/Development/nfdi4chem/coconut/tests/Unit/OrganismCurationResolverTest.php" line="23" class="Tests\Unit\OrganismCurationResolverTest" classname="Tests.Unit.OrganismCurationResolverTest" assertions="1" time="0.022948"/>
          <testcase name="test_classify_detects_curation_patterns with data set &quot;iri without taxonomy&quot;" file="/Users/vcnainala/Development/nfdi4chem/coconut/tests/Unit/OrganismCurationResolverTest.php" line="23" class="Tests\Unit\OrganismCurationResolverTest" classname="Tests.Unit.OrganismCurationResolverTest" assertions="1" time="0.023247"/>
          <testcase name="test_classify_detects_curation_patterns with data set &quot;species placeholder&quot;" file="/Users/vcnainala/Development/nfdi4chem/coconut/tests/Unit/OrganismCurationResolverTest.php" line="23" class="Tests\Unit\OrganismCurationResolverTest" classname="Tests.Unit.OrganismCurationResolverTest" assertions="1" time="0.023285"/>
        </testsuite>
        <testcase name="test_lookup_candidates_include_ncbi_name_from_iri" file="/Users/vcnainala/Development/nfdi4chem/coconut/tests/Unit/OrganismCurationResolverTest.php" line="105" class="Tests\Unit\OrganismCurationResolverTest" classname="Tests.Unit.OrganismCurationResolverTest" assertions="1" time="0.026238"/>
        <testcase name="test_undetermined_names_are_not_fixable" file="/Users/vcnainala/Development/nfdi4chem/coconut/tests/Unit/OrganismCurationResolverTest.php" line="129" class="Tests\Unit\OrganismCurationResolverTest" classname="Tests.Unit.OrganismCurationResolverTest" assertions="1" time="0.023406"/>
      </testsuite>
      <testsuite name="Tests\Unit\ParseFilterQueryTokensTest" file="/Users/vcnainala/Development/nfdi4chem/coconut/tests/Unit/ParseFilterQueryTokensTest.php" tests="8" assertions="16" errors="0" failures="0" skipped="0" time="0.003407">
        <testcase name="test_returns_empty_array_for_unknown_keys" file="/Users/vcnainala/Development/nfdi4chem/coconut/tests/Unit/ParseFilterQueryTokensTest.php" line="67" class="Tests\Unit\ParseFilterQueryTokensTest" classname="Tests.Unit.ParseFilterQueryTokensTest" assertions="1" time="0.002837"/>
        <testcase name="test_parses_or_groups_separately" file="/Users/vcnainala/Development/nfdi4chem/coconut/tests/Unit/ParseFilterQueryTokensTest.php" line="42" class="Tests\Unit\ParseFilterQueryTokensTest" classname="Tests.Unit.ParseFilterQueryTokensTest" assertions="2" time="0.000099"/>
        <testcase name="test_parses_combined_and_filters" file="/Users/vcnainala/Development/nfdi4chem/coconut/tests/Unit/ParseFilterQueryTokensTest.php" line="31" class="Tests\Unit\ParseFilterQueryTokensTest" classname="Tests.Unit.ParseFilterQueryTokensTest" assertions="5" time="0.000154"/>
        <testcase name="test_prefers_longer_filter_keys" file="/Users/vcnainala/Development/nfdi4chem/coconut/tests/Unit/ParseFilterQueryTokensTest.php" line="60" class="Tests\Unit\ParseFilterQueryTokensTest" classname="Tests.Unit.ParseFilterQueryTokensTest" assertions="1" time="0.000067"/>
        <testcase name="test_parses_multi_word_class_value" file="/Users/vcnainala/Development/nfdi4chem/coconut/tests/Unit/ParseFilterQueryTokensTest.php" line="17" class="Tests\Unit\ParseFilterQueryTokensTest" classname="Tests.Unit.ParseFilterQueryTokensTest" assertions="1" time="0.000063"/>
        <testcase name="test_normalizes_text_filter_values_to_hyphenated_lowercase" file="/Users/vcnainala/Development/nfdi4chem/coconut/tests/Unit/ParseFilterQueryTokensTest.php" line="74" class="Tests\Unit\ParseFilterQueryTokensTest" classname="Tests.Unit.ParseFilterQueryTokensTest" assertions="4" time="0.000065"/>
        <testcase name="test_parses_multi_word_superclass_value" file="/Users/vcnainala/Development/nfdi4chem/coconut/tests/Unit/ParseFilterQueryTokensTest.php" line="24" class="Tests\Unit\ParseFilterQueryTokensTest" classname="Tests.Unit.ParseFilterQueryTokensTest" assertions="1" time="0.000061"/>
        <testcase name="test_preserves_ds_value_with_plus_and_pipe" file="/Users/vcnainala/Development/nfdi4chem/coconut/tests/Unit/ParseFilterQueryTokensTest.php" line="53" class="Tests\Unit\ParseFilterQueryTokensTest" classname="Tests.Unit.ParseFilterQueryTokensTest" assertions="1" time="0.000061"/>
      </testsuite>
      <testsuite name="Tests\Unit\ReportResourceMoleculeOptionsTest" file="/Users/vcnainala/Development/nfdi4chem/coconut/tests/Unit/ReportResourceMoleculeOptionsTest.php" tests="6" assertions="7" errors="0" failures="0" skipped="0" time="0.224518">
        <testcase name="test_value_keyed_options_deduplicates_values" file="/Users/vcnainala/Development/nfdi4chem/coconut/tests/Unit/ReportResourceMoleculeOptionsTest.php" line="38" class="Tests\Unit\ReportResourceMoleculeOptionsTest" classname="Tests.Unit.ReportResourceMoleculeOptionsTest" assertions="1" time="0.036918"/>
        <testcase name="test_resolve_molecule_from_report_mol_ids" file="/Users/vcnainala/Development/nfdi4chem/coconut/tests/Unit/ReportResourceMoleculeOptionsTest.php" line="57" class="Tests\Unit\ReportResourceMoleculeOptionsTest" classname="Tests.Unit.ReportResourceMoleculeOptionsTest" assertions="1" time="0.041314"/>
        <testcase name="test_prefilled_select_state_matches_option_keys" file="/Users/vcnainala/Development/nfdi4chem/coconut/tests/Unit/ReportResourceMoleculeOptionsTest.php" line="45" class="Tests\Unit\ReportResourceMoleculeOptionsTest" classname="Tests.Unit.ReportResourceMoleculeOptionsTest" assertions="2" time="0.034901"/>
        <testcase name="test_resolve_molecule_from_request_compound_id" file="/Users/vcnainala/Development/nfdi4chem/coconut/tests/Unit/ReportResourceMoleculeOptionsTest.php" line="76" class="Tests\Unit\ReportResourceMoleculeOptionsTest" classname="Tests.Unit.ReportResourceMoleculeOptionsTest" assertions="1" time="0.043746"/>
        <testcase name="test_value_keyed_options_uses_value_as_key_and_label" file="/Users/vcnainala/Development/nfdi4chem/coconut/tests/Unit/ReportResourceMoleculeOptionsTest.php" line="24" class="Tests\Unit\ReportResourceMoleculeOptionsTest" classname="Tests.Unit.ReportResourceMoleculeOptionsTest" assertions="1" time="0.034195"/>
        <testcase name="test_value_keyed_options_filters_empty_values" file="/Users/vcnainala/Development/nfdi4chem/coconut/tests/Unit/ReportResourceMoleculeOptionsTest.php" line="31" class="Tests\Unit\ReportResourceMoleculeOptionsTest" classname="Tests.Unit.ReportResourceMoleculeOptionsTest" assertions="1" time="0.033444"/>
      </testsuite>
      <testsuite name="Tests\Unit\NpClassifierResultsTest" file="/Users/vcnainala/Development/nfdi4chem/coconut/tests/Unit/NpClassifierResultsTest.php" tests="4" assertions="10" errors="0" failures="0" skipped="0" time="0.001670">
        <testcase name="test_parse_import_value_decodes_json_array" file="/Users/vcnainala/Development/nfdi4chem/coconut/tests/Unit/NpClassifierResultsTest.php" line="40" class="Tests\Unit\NpClassifierResultsTest" classname="Tests.Unit.NpClassifierResultsTest" assertions="1" time="0.001480"/>
        <testcase name="test_from_api_response_returns_null_for_empty_lists" file="/Users/vcnainala/Development/nfdi4chem/coconut/tests/Unit/NpClassifierResultsTest.php" line="25" class="Tests\Unit\NpClassifierResultsTest" classname="Tests.Unit.NpClassifierResultsTest" assertions="4" time="0.000078"/>
        <testcase name="test_parse_import_value_wraps_scalar" file="/Users/vcnainala/Development/nfdi4chem/coconut/tests/Unit/NpClassifierResultsTest.php" line="47" class="Tests\Unit\NpClassifierResultsTest" classname="Tests.Unit.NpClassifierResultsTest" assertions="1" time="0.000056"/>
        <testcase name="test_from_api_response_stores_all_pathways" file="/Users/vcnainala/Development/nfdi4chem/coconut/tests/Unit/NpClassifierResultsTest.php" line="10" class="Tests\Unit\NpClassifierResultsTest" classname="Tests.Unit.NpClassifierResultsTest" assertions="4" time="0.000057"/>
      </testsuite>
      <testsuite name="Tests\Unit\OrganismReportChangeFormTest" file="/Users/vcnainala/Development/nfdi4chem/coconut/tests/Unit/OrganismReportChangeFormTest.php" tests="5" assertions="6" errors="0" failures="0" skipped="0" time="0.193691">
        <testcase name="test_report_change_name_rules_reject_already_linked_organism_name" file="/Users/vcnainala/Development/nfdi4chem/coconut/tests/Unit/OrganismReportChangeFormTest.php" line="41" class="Tests\Unit\OrganismReportChangeFormTest" classname="Tests.Unit.OrganismReportChangeFormTest" assertions="2" time="0.039936"/>
        <testcase name="test_validate_name_for_report_change_rejects_already_linked_organism_name" file="/Users/vcnainala/Development/nfdi4chem/coconut/tests/Unit/OrganismReportChangeFormTest.php" line="23" class="Tests\Unit\OrganismReportChangeFormTest" classname="Tests.Unit.OrganismReportChangeFormTest" assertions="1" time="0.033946"/>
        <testcase name="test_default_get_form_still_requires_unique_organism_name" file="/Users/vcnainala/Development/nfdi4chem/coconut/tests/Unit/OrganismReportChangeFormTest.php" line="54" class="Tests\Unit\OrganismReportChangeFormTest" classname="Tests.Unit.OrganismReportChangeFormTest" assertions="1" time="0.041329"/>
        <testcase name="test_report_change_name_rules_allow_existing_database_organism_name" file="/Users/vcnainala/Development/nfdi4chem/coconut/tests/Unit/OrganismReportChangeFormTest.php" line="30" class="Tests\Unit\OrganismReportChangeFormTest" classname="Tests.Unit.OrganismReportChangeFormTest" assertions="1" time="0.039501"/>
        <testcase name="test_validate_name_for_report_change_allows_unlinked_existing_organism_name" file="/Users/vcnainala/Development/nfdi4chem/coconut/tests/Unit/OrganismReportChangeFormTest.php" line="14" class="Tests\Unit\OrganismReportChangeFormTest" classname="Tests.Unit.OrganismReportChangeFormTest" assertions="1" time="0.038979"/>
      </testsuite>
      <testsuite name="Tests\Unit\NcbiTaxonomyNameResolverTest" file="/Users/vcnainala/Development/nfdi4chem/coconut/tests/Unit/NcbiTaxonomyNameResolverTest.php" tests="2" assertions="2" errors="0" failures="0" skipped="0" time="0.050572">
        <testcase name="test_scientific_name_from_ncbi_iri" file="/Users/vcnainala/Development/nfdi4chem/coconut/tests/Unit/NcbiTaxonomyNameResolverTest.php" line="22" class="Tests\Unit\NcbiTaxonomyNameResolverTest" classname="Tests.Unit.NcbiTaxonomyNameResolverTest" assertions="1" time="0.025224"/>
        <testcase name="test_returns_null_for_non_ncbi_iri" file="/Users/vcnainala/Development/nfdi4chem/coconut/tests/Unit/NcbiTaxonomyNameResolverTest.php" line="40" class="Tests\Unit\NcbiTaxonomyNameResolverTest" classname="Tests.Unit.NcbiTaxonomyNameResolverTest" assertions="1" time="0.025348"/>
      </testsuite>
      <testsuite name="Tests\Unit\GeoLocationCountryExtractorTest" file="/Users/vcnainala/Development/nfdi4chem/coconut/tests/Unit/GeoLocationCountryExtractorTest.php" tests="7" assertions="24" errors="0" failures="0" skipped="0" time="0.174301">
        <testcase name="test_extracts_country_from_last_comma_segment" file="/Users/vcnainala/Development/nfdi4chem/coconut/tests/Unit/GeoLocationCountryExtractorTest.php" line="19" class="Tests\Unit\GeoLocationCountryExtractorTest" classname="Tests.Unit.GeoLocationCountryExtractorTest" assertions="4" time="0.030218"/>
        <testcase name="test_extracts_country_from_india_segment" file="/Users/vcnainala/Development/nfdi4chem/coconut/tests/Unit/GeoLocationCountryExtractorTest.php" line="29" class="Tests\Unit\GeoLocationCountryExtractorTest" classname="Tests.Unit.GeoLocationCountryExtractorTest" assertions="3" time="0.023884"/>
        <testcase name="test_should_skip_geocoding_for_placeholder_names" file="/Users/vcnainala/Development/nfdi4chem/coconut/tests/Unit/GeoLocationCountryExtractorTest.php" line="74" class="Tests\Unit\GeoLocationCountryExtractorTest" classname="Tests.Unit.GeoLocationCountryExtractorTest" assertions="3" time="0.023233"/>
        <testcase name="test_extracts_usa_alias_with_county" file="/Users/vcnainala/Development/nfdi4chem/coconut/tests/Unit/GeoLocationCountryExtractorTest.php" line="38" class="Tests\Unit\GeoLocationCountryExtractorTest" classname="Tests.Unit.GeoLocationCountryExtractorTest" assertions="4" time="0.022901"/>
        <testcase name="test_extracts_whole_name_country" file="/Users/vcnainala/Development/nfdi4chem/coconut/tests/Unit/GeoLocationCountryExtractorTest.php" line="59" class="Tests\Unit\GeoLocationCountryExtractorTest" classname="Tests.Unit.GeoLocationCountryExtractorTest" assertions="4" time="0.023981"/>
        <testcase name="test_extracts_mexico_from_parentheses_state" file="/Users/vcnainala/Development/nfdi4chem/coconut/tests/Unit/GeoLocationCountryExtractorTest.php" line="48" class="Tests\Unit\GeoLocationCountryExtractorTest" classname="Tests.Unit.GeoLocationCountryExtractorTest" assertions="5" time="0.026475"/>
        <testcase name="test_returns_null_for_marine_region_without_country" file="/Users/vcnainala/Development/nfdi4chem/coconut/tests/Unit/GeoLocationCountryExtractorTest.php" line="69" class="Tests\Unit\GeoLocationCountryExtractorTest" classname="Tests.Unit.GeoLocationCountryExtractorTest" assertions="1" time="0.023610"/>
      </testsuite>
      <testsuite name="Tests\Unit\NormalizeDoiForLinkTest" file="/Users/vcnainala/Development/nfdi4chem/coconut/tests/Unit/NormalizeDoiForLinkTest.php" tests="8" assertions="18" errors="0" failures="0" skipped="0" time="0.189349">
        <testsuite name="Tests\Unit\NormalizeDoiForLinkTest::test_normalizes_valid_doi_inputs" tests="5" assertions="15" errors="0" failures="0" skipped="0" time="0.120523">
          <testcase name="test_normalizes_valid_doi_inputs with data set &quot;https url&quot;" file="/Users/vcnainala/Development/nfdi4chem/coconut/tests/Unit/NormalizeDoiForLinkTest.php" line="11" class="Tests\Unit\NormalizeDoiForLinkTest" classname="Tests.Unit.NormalizeDoiForLinkTest" assertions="3" time="0.025757"/>
          <testcase name="test_normalizes_valid_doi_inputs with data set &quot;doi prefix&quot;" file="/Users/vcnainala/Development/nfdi4chem/coconut/tests/Unit/NormalizeDoiForLinkTest.php" line="11" class="Tests\Unit\NormalizeDoiForLinkTest" classname="Tests.Unit.NormalizeDoiForLinkTest" assertions="3" time="0.023084"/>
          <testcase name="test_normalizes_valid_doi_inputs with data set &quot;bare doi&quot;" file="/Users/vcnainala/Development/nfdi4chem/coconut/tests/Unit/NormalizeDoiForLinkTest.php" line="11" class="Tests\Unit\NormalizeDoiForLinkTest" classname="Tests.Unit.NormalizeDoiForLinkTest" assertions="3" time="0.023020"/>
          <testcase name="test_normalizes_valid_doi_inputs with data set &quot;dx.doi.org url&quot;" file="/Users/vcnainala/Development/nfdi4chem/coconut/tests/Unit/NormalizeDoiForLinkTest.php" line="11" class="Tests\Unit\NormalizeDoiForLinkTest" classname="Tests.Unit.NormalizeDoiForLinkTest" assertions="3" time="0.023585"/>
          <testcase name="test_normalizes_valid_doi_inputs with data set &quot;http url&quot;" file="/Users/vcnainala/Development/nfdi4chem/coconut/tests/Unit/NormalizeDoiForLinkTest.php" line="11" class="Tests\Unit\NormalizeDoiForLinkTest" classname="Tests.Unit.NormalizeDoiForLinkTest" assertions="3" time="0.025077"/>
        </testsuite>
        <testsuite name="Tests\Unit\NormalizeDoiForLinkTest::test_returns_null_for_invalid_doi_inputs" tests="3" assertions="3" errors="0" failures="0" skipped="0" time="0.068826">
          <testcase name="test_returns_null_for_invalid_doi_inputs with data set &quot;empty string&quot;" file="/Users/vcnainala/Development/nfdi4chem/coconut/tests/Unit/NormalizeDoiForLinkTest.php" line="34" class="Tests\Unit\NormalizeDoiForLinkTest" classname="Tests.Unit.NormalizeDoiForLinkTest" assertions="1" time="0.023112"/>
          <testcase name="test_returns_null_for_invalid_doi_inputs with data set &quot;whitespace only&quot;" file="/Users/vcnainala/Development/nfdi4chem/coconut/tests/Unit/NormalizeDoiForLinkTest.php" line="34" class="Tests\Unit\NormalizeDoiForLinkTest" classname="Tests.Unit.NormalizeDoiForLinkTest" assertions="1" time="0.022919"/>
          <testcase name="test_returns_null_for_invalid_doi_inputs with data set &quot;not a doi&quot;" file="/Users/vcnainala/Development/nfdi4chem/coconut/tests/Unit/NormalizeDoiForLinkTest.php" line="34" class="Tests\Unit\NormalizeDoiForLinkTest" classname="Tests.Unit.NormalizeDoiForLinkTest" assertions="1" time="0.022796"/>
        </testsuite>
      </testsuite>
      <testsuite name="Tests\Unit\NominatimGeocoderTest" file="/Users/vcnainala/Development/nfdi4chem/coconut/tests/Unit/NominatimGeocoderTest.php" tests="3" assertions="10" errors="0" failures="0" skipped="0" time="0.077955">
        <testcase name="test_geocodes_location_from_nominatim_response" file="/Users/vcnainala/Development/nfdi4chem/coconut/tests/Unit/NominatimGeocoderTest.php" line="21" class="Tests\Unit\NominatimGeocoderTest" classname="Tests.Unit.NominatimGeocoderTest" assertions="7" time="0.029235"/>
        <testcase name="test_returns_null_when_nominatim_has_no_results" file="/Users/vcnainala/Development/nfdi4chem/coconut/tests/Unit/NominatimGeocoderTest.php" line="60" class="Tests\Unit\NominatimGeocoderTest" classname="Tests.Unit.NominatimGeocoderTest" assertions="1" time="0.023576"/>
        <testcase name="test_skips_geocoding_for_placeholder_names" file="/Users/vcnainala/Development/nfdi4chem/coconut/tests/Unit/NominatimGeocoderTest.php" line="49" class="Tests\Unit\NominatimGeocoderTest" classname="Tests.Unit.NominatimGeocoderTest" assertions="2" time="0.025143"/>
      </testsuite>
      <testsuite name="Tests\Unit\ExampleTest" file="/Users/vcnainala/Development/nfdi4chem/coconut/tests/Unit/ExampleTest.php" tests="1" assertions="1" errors="0" failures="0" skipped="0" time="0.000764">
        <testcase name="test_that_true_is_true" file="/Users/vcnainala/Development/nfdi4chem/coconut/tests/Unit/ExampleTest.php" line="12" class="Tests\Unit\ExampleTest" classname="Tests.Unit.ExampleTest" assertions="1" time="0.000764"/>
      </testsuite>
      <testsuite name="Tests\Unit\SearchMoleculeQueryTypeTest" file="/Users/vcnainala/Development/nfdi4chem/coconut/tests/Unit/SearchMoleculeQueryTypeTest.php" tests="7" assertions="7" errors="0" failures="0" skipped="0" time="0.000625">
        <testsuite name="Tests\Unit\SearchMoleculeQueryTypeTest::test_determine_query_type" tests="7" assertions="7" errors="0" failures="0" skipped="0" time="0.000625">
          <testcase name="test_determine_query_type with data set &quot;cyclohexane smiles&quot;" file="/Users/vcnainala/Development/nfdi4chem/coconut/tests/Unit/SearchMoleculeQueryTypeTest.php" line="14" class="Tests\Unit\SearchMoleculeQueryTypeTest" classname="Tests.Unit.SearchMoleculeQueryTypeTest" assertions="1" time="0.000256"/>
          <testcase name="test_determine_query_type with data set &quot;compound name&quot;" file="/Users/vcnainala/Development/nfdi4chem/coconut/tests/Unit/SearchMoleculeQueryTypeTest.php" line="14" class="Tests\Unit\SearchMoleculeQueryTypeTest" classname="Tests.Unit.SearchMoleculeQueryTypeTest" assertions="1" time="0.000071"/>
          <testcase name="test_determine_query_type with data set &quot;water formula&quot;" file="/Users/vcnainala/Development/nfdi4chem/coconut/tests/Unit/SearchMoleculeQueryTypeTest.php" line="14" class="Tests\Unit\SearchMoleculeQueryTypeTest" classname="Tests.Unit.SearchMoleculeQueryTypeTest" assertions="1" time="0.000063"/>
          <testcase name="test_determine_query_type with data set &quot;cnp identifier&quot;" file="/Users/vcnainala/Development/nfdi4chem/coconut/tests/Unit/SearchMoleculeQueryTypeTest.php" line="14" class="Tests\Unit\SearchMoleculeQueryTypeTest" classname="Tests.Unit.SearchMoleculeQueryTypeTest" assertions="1" time="0.000058"/>
          <testcase name="test_determine_query_type with data set &quot;glucose formula&quot;" file="/Users/vcnainala/Development/nfdi4chem/coconut/tests/Unit/SearchMoleculeQueryTypeTest.php" line="14" class="Tests\Unit\SearchMoleculeQueryTypeTest" classname="Tests.Unit.SearchMoleculeQueryTypeTest" assertions="1" time="0.000061"/>
          <testcase name="test_determine_query_type with data set &quot;benzene smiles&quot;" file="/Users/vcnainala/Development/nfdi4chem/coconut/tests/Unit/SearchMoleculeQueryTypeTest.php" line="14" class="Tests\Unit\SearchMoleculeQueryTypeTest" classname="Tests.Unit.SearchMoleculeQueryTypeTest" assertions="1" time="0.000056"/>
          <testcase name="test_determine_query_type with data set &quot;molecular formula&quot;" file="/Users/vcnainala/Development/nfdi4chem/coconut/tests/Unit/SearchMoleculeQueryTypeTest.php" line="14" class="Tests\Unit\SearchMoleculeQueryTypeTest" classname="Tests.Unit.SearchMoleculeQueryTypeTest" assertions="1" time="0.000059"/>
        </testsuite>
      </testsuite>
      <testsuite name="Tests\Unit\GnfTaxonomyParserTest" file="/Users/vcnainala/Development/nfdi4chem/coconut/tests/Unit/GnfTaxonomyParserTest.php" tests="5" assertions="13" errors="0" failures="0" skipped="0" time="0.116470">
        <testcase name="test_parse_verifier_batch_response_maps_each_name" file="/Users/vcnainala/Development/nfdi4chem/coconut/tests/Unit/GnfTaxonomyParserTest.php" line="20" class="Tests\Unit\GnfTaxonomyParserTest" classname="Tests.Unit.GnfTaxonomyParserTest" assertions="4" time="0.024371"/>
        <testsuite name="Tests\Unit\GnfTaxonomyParserTest::test_extract_ncbi_tax_id_from_ols_iri" tests="3" assertions="3" errors="0" failures="0" skipped="0" time="0.069000">
          <testcase name="test_extract_ncbi_tax_id_from_ols_iri with data set &quot;plain iri&quot;" file="/Users/vcnainala/Development/nfdi4chem/coconut/tests/Unit/GnfTaxonomyParserTest.php" line="90" class="Tests\Unit\GnfTaxonomyParserTest" classname="Tests.Unit.GnfTaxonomyParserTest" assertions="1" time="0.022862"/>
          <testcase name="test_extract_ncbi_tax_id_from_ols_iri with data set &quot;encoded iri&quot;" file="/Users/vcnainala/Development/nfdi4chem/coconut/tests/Unit/GnfTaxonomyParserTest.php" line="90" class="Tests\Unit\GnfTaxonomyParserTest" classname="Tests.Unit.GnfTaxonomyParserTest" assertions="1" time="0.022843"/>
          <testcase name="test_extract_ncbi_tax_id_from_ols_iri with data set &quot;missing&quot;" file="/Users/vcnainala/Development/nfdi4chem/coconut/tests/Unit/GnfTaxonomyParserTest.php" line="90" class="Tests\Unit\GnfTaxonomyParserTest" classname="Tests.Unit.GnfTaxonomyParserTest" assertions="1" time="0.023295"/>
        </testsuite>
        <testcase name="test_parse_verifier_response_builds_researcher_friendly_profile" file="/Users/vcnainala/Development/nfdi4chem/coconut/tests/Unit/GnfTaxonomyParserTest.php" line="61" class="Tests\Unit\GnfTaxonomyParserTest" classname="Tests.Unit.GnfTaxonomyParserTest" assertions="6" time="0.023098"/>
      </testsuite>
      <testsuite name="Tests\Unit\UpdateParentVariantsCountsTest" file="/Users/vcnainala/Development/nfdi4chem/coconut/tests/Unit/UpdateParentVariantsCountsTest.php" tests="2" assertions="6" errors="0" failures="0" skipped="0" time="0.096756">
        <testcase name="test_keeps_placeholder_flag_for_parents_with_variants" file="/Users/vcnainala/Development/nfdi4chem/coconut/tests/Unit/UpdateParentVariantsCountsTest.php" line="35" class="Tests\Unit\UpdateParentVariantsCountsTest" classname="Tests.Unit.UpdateParentVariantsCountsTest" assertions="3" time="0.054199"/>
        <testcase name="test_clears_placeholder_flag_for_parents_without_variants" file="/Users/vcnainala/Development/nfdi4chem/coconut/tests/Unit/UpdateParentVariantsCountsTest.php" line="14" class="Tests\Unit\UpdateParentVariantsCountsTest" classname="Tests.Unit.UpdateParentVariantsCountsTest" assertions="3" time="0.042557"/>
      </testsuite>
      <testsuite name="Tests\Unit\ReportApprovalMessageTest" file="/Users/vcnainala/Development/nfdi4chem/coconut/tests/Unit/ReportApprovalMessageTest.php" tests="14" assertions="37" errors="0" failures="0" skipped="0" time="0.333361">
        <testsuite name="Tests\Unit\ReportApprovalMessageTest::test_first_review_modal_content" tests="4" assertions="12" errors="0" failures="0" skipped="0" time="0.097195">
          <testcase name="test_first_review_modal_content with data set &quot;submission&quot;" file="/Users/vcnainala/Development/nfdi4chem/coconut/tests/Unit/ReportApprovalMessageTest.php" line="24" class="Tests\Unit\ReportApprovalMessageTest" classname="Tests.Unit.ReportApprovalMessageTest" assertions="3" time="0.024709"/>
          <testcase name="test_first_review_modal_content with data set &quot;revoke molecule&quot;" file="/Users/vcnainala/Development/nfdi4chem/coconut/tests/Unit/ReportApprovalMessageTest.php" line="24" class="Tests\Unit\ReportApprovalMessageTest" classname="Tests.Unit.ReportApprovalMessageTest" assertions="3" time="0.023399"/>
          <testcase name="test_first_review_modal_content with data set &quot;update&quot;" file="/Users/vcnainala/Development/nfdi4chem/coconut/tests/Unit/ReportApprovalMessageTest.php" line="24" class="Tests\Unit\ReportApprovalMessageTest" classname="Tests.Unit.ReportApprovalMessageTest" assertions="3" time="0.025411"/>
          <testcase name="test_first_review_modal_content with data set &quot;revoke citation&quot;" file="/Users/vcnainala/Development/nfdi4chem/coconut/tests/Unit/ReportApprovalMessageTest.php" line="24" class="Tests\Unit\ReportApprovalMessageTest" classname="Tests.Unit.ReportApprovalMessageTest" assertions="3" time="0.023676"/>
        </testsuite>
        <testsuite name="Tests\Unit\ReportApprovalMessageTest::test_final_review_modal_content" tests="4" assertions="12" errors="0" failures="0" skipped="0" time="0.093654">
          <testcase name="test_final_review_modal_content with data set &quot;update&quot;" file="/Users/vcnainala/Development/nfdi4chem/coconut/tests/Unit/ReportApprovalMessageTest.php" line="64" class="Tests\Unit\ReportApprovalMessageTest" classname="Tests.Unit.ReportApprovalMessageTest" assertions="3" time="0.023169"/>
          <testcase name="test_final_review_modal_content with data set &quot;submission&quot;" file="/Users/vcnainala/Development/nfdi4chem/coconut/tests/Unit/ReportApprovalMessageTest.php" line="64" class="Tests\Unit\ReportApprovalMessageTest" classname="Tests.Unit.ReportApprovalMessageTest" assertions="3" time="0.023539"/>
          <testcase name="test_final_review_modal_content with data set &quot;revoke citation&quot;" file="/Users/vcnainala/Development/nfdi4chem/coconut/tests/Unit/ReportApprovalMessageTest.php" line="64" class="Tests\Unit\ReportApprovalMessageTest" classname="Tests.Unit.ReportApprovalMessageTest" assertions="3" time="0.023161"/>
          <testcase name="test_final_review_modal_content with data set &quot;revoke molecule&quot;" file="/Users/vcnainala/Development/nfdi4chem/coconut/tests/Unit/ReportApprovalMessageTest.php" line="64" class="Tests\Unit\ReportApprovalMessageTest" classname="Tests.Unit.ReportApprovalMessageTest" assertions="3" time="0.023785"/>
        </testsuite>
        <testsuite name="Tests\Unit\ReportApprovalMessageTest::test_approval_notification_content" tests="5" assertions="10" errors="0" failures="0" skipped="0" time="0.119357">
          <testcase name="test_approval_notification_content with data set &quot;final revoke molecule&quot;" file="/Users/vcnainala/Development/nfdi4chem/coconut/tests/Unit/ReportApprovalMessageTest.php" line="125" class="Tests\Unit\ReportApprovalMessageTest" classname="Tests.Unit.ReportApprovalMessageTest" assertions="2" time="0.023454"/>
          <testcase name="test_approval_notification_content with data set &quot;final revoke citation&quot;" file="/Users/vcnainala/Development/nfdi4chem/coconut/tests/Unit/ReportApprovalMessageTest.php" line="125" class="Tests\Unit\ReportApprovalMessageTest" classname="Tests.Unit.ReportApprovalMessageTest" assertions="2" time="0.025181"/>
          <testcase name="test_approval_notification_content with data set &quot;final update&quot;" file="/Users/vcnainala/Development/nfdi4chem/coconut/tests/Unit/ReportApprovalMessageTest.php" line="125" class="Tests\Unit\ReportApprovalMessageTest" classname="Tests.Unit.ReportApprovalMessageTest" assertions="2" time="0.023666"/>
          <testcase name="test_approval_notification_content with data set &quot;first review&quot;" file="/Users/vcnainala/Development/nfdi4chem/coconut/tests/Unit/ReportApprovalMessageTest.php" line="125" class="Tests\Unit\ReportApprovalMessageTest" classname="Tests.Unit.ReportApprovalMessageTest" assertions="2" time="0.023724"/>
          <testcase name="test_approval_notification_content with data set &quot;final submission&quot;" file="/Users/vcnainala/Development/nfdi4chem/coconut/tests/Unit/ReportApprovalMessageTest.php" line="125" class="Tests\Unit\ReportApprovalMessageTest" classname="Tests.Unit.ReportApprovalMessageTest" assertions="2" time="0.023331"/>
        </testsuite>
        <testcase name="test_is_final_approval_review" file="/Users/vcnainala/Development/nfdi4chem/coconut/tests/Unit/ReportApprovalMessageTest.php" line="113" class="Tests\Unit\ReportApprovalMessageTest" classname="Tests.Unit.ReportApprovalMessageTest" assertions="3" time="0.023155"/>
      </testsuite>
      <testsuite name="Tests\Unit\OrganismNameNormalizerTest" file="/Users/vcnainala/Development/nfdi4chem/coconut/tests/Unit/OrganismNameNormalizerTest.php" tests="5" assertions="6" errors="0" failures="0" skipped="0" time="0.122560">
        <testsuite name="Tests\Unit\OrganismNameNormalizerTest::test_normalize_for_lookup_formats_scientific_names" tests="4" assertions="4" errors="0" failures="0" skipped="0" time="0.099407">
          <testcase name="test_normalize_for_lookup_formats_scientific_names with data set &quot;single genus&quot;" file="/Users/vcnainala/Development/nfdi4chem/coconut/tests/Unit/OrganismNameNormalizerTest.php" line="21" class="Tests\Unit\OrganismNameNormalizerTest" classname="Tests.Unit.OrganismNameNormalizerTest" assertions="1" time="0.027010"/>
          <testcase name="test_normalize_for_lookup_formats_scientific_names with data set &quot;all caps species&quot;" file="/Users/vcnainala/Development/nfdi4chem/coconut/tests/Unit/OrganismNameNormalizerTest.php" line="21" class="Tests\Unit\OrganismNameNormalizerTest" classname="Tests.Unit.OrganismNameNormalizerTest" assertions="1" time="0.025437"/>
          <testcase name="test_normalize_for_lookup_formats_scientific_names with data set &quot;empty string&quot;" file="/Users/vcnainala/Development/nfdi4chem/coconut/tests/Unit/OrganismNameNormalizerTest.php" line="21" class="Tests\Unit\OrganismNameNormalizerTest" classname="Tests.Unit.OrganismNameNormalizerTest" assertions="1" time="0.023811"/>
          <testcase name="test_normalize_for_lookup_formats_scientific_names with data set &quot;extra whitespace&quot;" file="/Users/vcnainala/Development/nfdi4chem/coconut/tests/Unit/OrganismNameNormalizerTest.php" line="21" class="Tests\Unit\OrganismNameNormalizerTest" classname="Tests.Unit.OrganismNameNormalizerTest" assertions="1" time="0.023150"/>
        </testsuite>
        <testcase name="test_first_token_returns_leading_word" file="/Users/vcnainala/Development/nfdi4chem/coconut/tests/Unit/OrganismNameNormalizerTest.php" line="36" class="Tests\Unit\OrganismNameNormalizerTest" classname="Tests.Unit.OrganismNameNormalizerTest" assertions="2" time="0.023153"/>
      </testsuite>
      <testsuite name="Tests\Unit\GnfMatchGateTest" file="/Users/vcnainala/Development/nfdi4chem/coconut/tests/Unit/GnfMatchGateTest.php" tests="5" assertions="6" errors="0" failures="0" skipped="0" time="0.119970">
        <testsuite name="Tests\Unit\GnfMatchGateTest::test_accepts_only_exact_gnf_profiles_by_default" tests="4" assertions="4" errors="0" failures="0" skipped="0" time="0.096778">
          <testcase name="test_accepts_only_exact_gnf_profiles_by_default with data set &quot;exact canonical&quot;" file="/Users/vcnainala/Development/nfdi4chem/coconut/tests/Unit/GnfMatchGateTest.php" line="12" class="Tests\Unit\GnfMatchGateTest" classname="Tests.Unit.GnfMatchGateTest" assertions="1" time="0.024321"/>
          <testcase name="test_accepts_only_exact_gnf_profiles_by_default with data set &quot;exact with non-zero edit distance rejected&quot;" file="/Users/vcnainala/Development/nfdi4chem/coconut/tests/Unit/GnfMatchGateTest.php" line="12" class="Tests\Unit\GnfMatchGateTest" classname="Tests.Unit.GnfMatchGateTest" assertions="1" time="0.023280"/>
          <testcase name="test_accepts_only_exact_gnf_profiles_by_default with data set &quot;partial exact rejected&quot;" file="/Users/vcnainala/Development/nfdi4chem/coconut/tests/Unit/GnfMatchGateTest.php" line="12" class="Tests\Unit\GnfMatchGateTest" classname="Tests.Unit.GnfMatchGateTest" assertions="1" time="0.025610"/>
          <testcase name="test_accepts_only_exact_gnf_profiles_by_default with data set &quot;fuzzy rejected&quot;" file="/Users/vcnainala/Development/nfdi4chem/coconut/tests/Unit/GnfMatchGateTest.php" line="12" class="Tests\Unit\GnfMatchGateTest" classname="Tests.Unit.GnfMatchGateTest" assertions="1" time="0.023568"/>
        </testsuite>
        <testcase name="test_allows_fuzzy_matches_when_configured" file="/Users/vcnainala/Development/nfdi4chem/coconut/tests/Unit/GnfMatchGateTest.php" line="60" class="Tests\Unit\GnfMatchGateTest" classname="Tests.Unit.GnfMatchGateTest" assertions="2" time="0.023191"/>
      </testsuite>
      <testsuite name="Tests\Unit\OrganismTaxonomyTreeBuilderTest" file="/Users/vcnainala/Development/nfdi4chem/coconut/tests/Unit/OrganismTaxonomyTreeBuilderTest.php" tests="3" assertions="10" errors="0" failures="0" skipped="0" time="0.130967">
        <testcase name="test_it_groups_unclassified_organisms_separately" file="/Users/vcnainala/Development/nfdi4chem/coconut/tests/Unit/OrganismTaxonomyTreeBuilderTest.php" line="58" class="Tests\Unit\OrganismTaxonomyTreeBuilderTest" classname="Tests.Unit.OrganismTaxonomyTreeBuilderTest" assertions="2" time="0.044601"/>
        <testcase name="test_it_aggregates_organisms_by_taxonomic_lineage" file="/Users/vcnainala/Development/nfdi4chem/coconut/tests/Unit/OrganismTaxonomyTreeBuilderTest.php" line="14" class="Tests\Unit\OrganismTaxonomyTreeBuilderTest" classname="Tests.Unit.OrganismTaxonomyTreeBuilderTest" assertions="7" time="0.043331"/>
        <testcase name="test_it_finds_nodes_and_lists_organisms_under_branch" file="/Users/vcnainala/Development/nfdi4chem/coconut/tests/Unit/OrganismTaxonomyTreeBuilderTest.php" line="74" class="Tests\Unit\OrganismTaxonomyTreeBuilderTest" classname="Tests.Unit.OrganismTaxonomyTreeBuilderTest" assertions="1" time="0.043036"/>
      </testsuite>
      <testsuite name="Tests\Unit\EntryFieldFormatterTest" file="/Users/vcnainala/Development/nfdi4chem/coconut/tests/Unit/EntryFieldFormatterTest.php" tests="9" assertions="15" errors="0" failures="0" skipped="0" time="0.217467">
        <testcase name="test_format_location_splits_semicolon_and_pipe" file="/Users/vcnainala/Development/nfdi4chem/coconut/tests/Unit/EntryFieldFormatterTest.php" line="36" class="Tests\Unit\EntryFieldFormatterTest" classname="Tests.Unit.EntryFieldFormatterTest" assertions="1" time="0.027271"/>
        <testcase name="test_to_html_renders_doi_links" file="/Users/vcnainala/Development/nfdi4chem/coconut/tests/Unit/EntryFieldFormatterTest.php" line="52" class="Tests\Unit\EntryFieldFormatterTest" classname="Tests.Unit.EntryFieldFormatterTest" assertions="2" time="0.024197"/>
        <testcase name="test_to_html_escapes_malicious_content" file="/Users/vcnainala/Development/nfdi4chem/coconut/tests/Unit/EntryFieldFormatterTest.php" line="63" class="Tests\Unit\EntryFieldFormatterTest" classname="Tests.Unit.EntryFieldFormatterTest" assertions="2" time="0.023719"/>
        <testcase name="test_format_splits_pipe_within_group_and_hash_between_groups" file="/Users/vcnainala/Development/nfdi4chem/coconut/tests/Unit/EntryFieldFormatterTest.php" line="25" class="Tests\Unit\EntryFieldFormatterTest" classname="Tests.Unit.EntryFieldFormatterTest" assertions="1" time="0.023758"/>
        <testcase name="test_to_html_renders_url_links_when_enabled" file="/Users/vcnainala/Development/nfdi4chem/coconut/tests/Unit/EntryFieldFormatterTest.php" line="84" class="Tests\Unit\EntryFieldFormatterTest" classname="Tests.Unit.EntryFieldFormatterTest" assertions="1" time="0.023187"/>
        <testcase name="test_to_html_renders_multiple_groups" file="/Users/vcnainala/Development/nfdi4chem/coconut/tests/Unit/EntryFieldFormatterTest.php" line="73" class="Tests\Unit\EntryFieldFormatterTest" classname="Tests.Unit.EntryFieldFormatterTest" assertions="3" time="0.023443"/>
        <testcase name="test_to_html_returns_dash_for_empty_groups" file="/Users/vcnainala/Development/nfdi4chem/coconut/tests/Unit/EntryFieldFormatterTest.php" line="47" class="Tests\Unit\EntryFieldFormatterTest" classname="Tests.Unit.EntryFieldFormatterTest" assertions="1" time="0.023062"/>
        <testcase name="test_format_single_value_without_delimiters" file="/Users/vcnainala/Development/nfdi4chem/coconut/tests/Unit/EntryFieldFormatterTest.php" line="17" class="Tests\Unit\EntryFieldFormatterTest" classname="Tests.Unit.EntryFieldFormatterTest" assertions="1" time="0.025541"/>
        <testcase name="test_format_returns_empty_for_null_or_blank" file="/Users/vcnainala/Development/nfdi4chem/coconut/tests/Unit/EntryFieldFormatterTest.php" line="10" class="Tests\Unit\EntryFieldFormatterTest" classname="Tests.Unit.EntryFieldFormatterTest" assertions="3" time="0.023289"/>
      </testsuite>
    </testsuite>
    <testsuite name="Feature" tests="44" assertions="92" errors="0" failures="0" skipped="1" time="5.061620">
      <testsuite name="Tests\Feature\AuthenticationTest" file="/Users/vcnainala/Development/nfdi4chem/coconut/tests/Feature/AuthenticationTest.php" tests="3" assertions="5" errors="0" failures="0" skipped="0" time="0.322529">
        <testcase name="test_login_screen_can_be_rendered" file="/Users/vcnainala/Development/nfdi4chem/coconut/tests/Feature/AuthenticationTest.php" line="14" class="Tests\Feature\AuthenticationTest" classname="Tests.Feature.AuthenticationTest" assertions="1" time="0.075001"/>
        <testcase name="test_users_can_not_authenticate_with_invalid_password" file="/Users/vcnainala/Development/nfdi4chem/coconut/tests/Feature/AuthenticationTest.php" line="34" class="Tests\Feature\AuthenticationTest" classname="Tests.Feature.AuthenticationTest" assertions="1" time="0.098645"/>
        <testcase name="test_users_can_authenticate_using_the_login_screen" file="/Users/vcnainala/Development/nfdi4chem/coconut/tests/Feature/AuthenticationTest.php" line="21" class="Tests\Feature\AuthenticationTest" classname="Tests.Feature.AuthenticationTest" assertions="3" time="0.148883"/>
      </testsuite>
      <testsuite name="Tests\Feature\CollectionListTest" file="/Users/vcnainala/Development/nfdi4chem/coconut/tests/Feature/CollectionListTest.php" tests="7" assertions="16" errors="0" failures="0" skipped="0" time="0.409561">
        <testcase name="test_sort_by_molecules_count_ascending" file="/Users/vcnainala/Development/nfdi4chem/coconut/tests/Feature/CollectionListTest.php" line="84" class="Tests\Feature\CollectionListTest" classname="Tests.Feature.CollectionListTest" assertions="1" time="0.077423"/>
        <testcase name="test_sort_by_molecules_count_descending" file="/Users/vcnainala/Development/nfdi4chem/coconut/tests/Feature/CollectionListTest.php" line="63" class="Tests\Feature\CollectionListTest" classname="Tests.Feature.CollectionListTest" assertions="1" time="0.057580"/>
        <testcase name="test_sort_by_avg_annotation_level_ascending" file="/Users/vcnainala/Development/nfdi4chem/coconut/tests/Feature/CollectionListTest.php" line="157" class="Tests\Feature\CollectionListTest" classname="Tests.Feature.CollectionListTest" assertions="1" time="0.057725"/>
        <testcase name="test_default_sort_is_release_date_newest_first" file="/Users/vcnainala/Development/nfdi4chem/coconut/tests/Feature/CollectionListTest.php" line="41" class="Tests\Feature\CollectionListTest" classname="Tests.Feature.CollectionListTest" assertions="3" time="0.044422"/>
        <testcase name="test_collections_page_only_lists_published_collections" file="/Users/vcnainala/Development/nfdi4chem/coconut/tests/Feature/CollectionListTest.php" line="17" class="Tests\Feature\CollectionListTest" classname="Tests.Feature.CollectionListTest" assertions="4" time="0.056359"/>
        <testcase name="test_sort_by_avg_annotation_level_descending" file="/Users/vcnainala/Development/nfdi4chem/coconut/tests/Feature/CollectionListTest.php" line="105" class="Tests\Feature\CollectionListTest" classname="Tests.Feature.CollectionListTest" assertions="1" time="0.064713"/>
        <testcase name="test_empty_state_when_search_has_no_matches" file="/Users/vcnainala/Development/nfdi4chem/coconut/tests/Feature/CollectionListTest.php" line="138" class="Tests\Feature\CollectionListTest" classname="Tests.Feature.CollectionListTest" assertions="5" time="0.051340"/>
      </testsuite>
      <testsuite name="Tests\Feature\NpClassifierSearchTest" file="/Users/vcnainala/Development/nfdi4chem/coconut/tests/Feature/NpClassifierSearchTest.php" tests="1" assertions="2" errors="0" failures="0" skipped="0" time="0.055463">
        <testcase name="test_np_pathway_filter_matches_any_stored_pathway" file="/Users/vcnainala/Development/nfdi4chem/coconut/tests/Feature/NpClassifierSearchTest.php" line="15" class="Tests\Feature\NpClassifierSearchTest" classname="Tests.Feature.NpClassifierSearchTest" assertions="2" time="0.055463"/>
      </testsuite>
      <testsuite name="Tests\Feature\Rest\MoleculeSearchIlikeTest" file="/Users/vcnainala/Development/nfdi4chem/coconut/tests/Feature/Rest/MoleculeSearchIlikeTest.php" tests="3" assertions="5" errors="0" failures="0" skipped="0" time="0.151122">
        <testcase name="test_molecule_search_accepts_ilike_filter_for_case_insensitive_match" file="/Users/vcnainala/Development/nfdi4chem/coconut/tests/Feature/Rest/MoleculeSearchIlikeTest.php" line="14" class="Tests\Feature\Rest\MoleculeSearchIlikeTest" classname="Tests.Feature.Rest.MoleculeSearchIlikeTest" assertions="2" time="0.058659"/>
        <testcase name="test_molecule_search_like_filter_remains_case_sensitive" file="/Users/vcnainala/Development/nfdi4chem/coconut/tests/Feature/Rest/MoleculeSearchIlikeTest.php" line="36" class="Tests\Feature\Rest\MoleculeSearchIlikeTest" classname="Tests.Feature.Rest.MoleculeSearchIlikeTest" assertions="2" time="0.051706"/>
        <testcase name="test_molecule_search_rejects_unknown_filter_operator" file="/Users/vcnainala/Development/nfdi4chem/coconut/tests/Feature/Rest/MoleculeSearchIlikeTest.php" line="58" class="Tests\Feature\Rest\MoleculeSearchIlikeTest" classname="Tests.Feature.Rest.MoleculeSearchIlikeTest" assertions="1" time="0.040757"/>
      </testsuite>
      <testsuite name="Tests\Feature\PasswordResetTest" file="/Users/vcnainala/Development/nfdi4chem/coconut/tests/Feature/PasswordResetTest.php" tests="4" assertions="6" errors="0" failures="0" skipped="0" time="0.818193">
        <testcase name="test_reset_password_link_screen_can_be_rendered" file="/Users/vcnainala/Development/nfdi4chem/coconut/tests/Feature/PasswordResetTest.php" line="16" class="Tests\Feature\PasswordResetTest" classname="Tests.Feature.PasswordResetTest" assertions="1" time="0.044203"/>
        <testcase name="test_reset_password_screen_can_be_rendered" file="/Users/vcnainala/Development/nfdi4chem/coconut/tests/Feature/PasswordResetTest.php" line="44" class="Tests\Feature\PasswordResetTest" classname="Tests.Feature.PasswordResetTest" assertions="2" time="0.264955"/>
        <testcase name="test_password_can_be_reset_with_valid_token" file="/Users/vcnainala/Development/nfdi4chem/coconut/tests/Feature/PasswordResetTest.php" line="67" class="Tests\Feature\PasswordResetTest" classname="Tests.Feature.PasswordResetTest" assertions="2" time="0.265602"/>
        <testcase name="test_reset_password_link_can_be_requested" file="/Users/vcnainala/Development/nfdi4chem/coconut/tests/Feature/PasswordResetTest.php" line="27" class="Tests\Feature\PasswordResetTest" classname="Tests.Feature.PasswordResetTest" assertions="1" time="0.243432"/>
      </testsuite>
      <testsuite name="Tests\Feature\TwoFactorAuthenticationSettingsTest" file="/Users/vcnainala/Development/nfdi4chem/coconut/tests/Feature/TwoFactorAuthenticationSettingsTest.php" tests="3" assertions="6" errors="0" failures="0" skipped="0" time="0.278816">
        <testcase name="test_two_factor_authentication_can_be_disabled" file="/Users/vcnainala/Development/nfdi4chem/coconut/tests/Feature/TwoFactorAuthenticationSettingsTest.php" line="57" class="Tests\Feature\TwoFactorAuthenticationSettingsTest" classname="Tests.Feature.TwoFactorAuthenticationSettingsTest" assertions="2" time="0.103420"/>
        <testcase name="test_two_factor_authentication_can_be_enabled" file="/Users/vcnainala/Development/nfdi4chem/coconut/tests/Feature/TwoFactorAuthenticationSettingsTest.php" line="16" class="Tests\Feature\TwoFactorAuthenticationSettingsTest" classname="Tests.Feature.TwoFactorAuthenticationSettingsTest" assertions="2" time="0.067793"/>
        <testcase name="test_recovery_codes_can_be_regenerated" file="/Users/vcnainala/Development/nfdi4chem/coconut/tests/Feature/TwoFactorAuthenticationSettingsTest.php" line="35" class="Tests\Feature\TwoFactorAuthenticationSettingsTest" classname="Tests.Feature.TwoFactorAuthenticationSettingsTest" assertions="2" time="0.107604"/>
      </testsuite>
      <testsuite name="Tests\Feature\RegistrationTest" file="/Users/vcnainala/Development/nfdi4chem/coconut/tests/Feature/RegistrationTest.php" tests="3" assertions="5" errors="0" failures="0" skipped="1" time="0.188785">
        <testcase name="test_registration_screen_can_be_rendered" file="/Users/vcnainala/Development/nfdi4chem/coconut/tests/Feature/RegistrationTest.php" line="15" class="Tests\Feature\RegistrationTest" classname="Tests.Feature.RegistrationTest" assertions="1" time="0.047191"/>
        <testcase name="test_registration_screen_cannot_be_rendered_if_support_is_disabled" file="/Users/vcnainala/Development/nfdi4chem/coconut/tests/Feature/RegistrationTest.php" line="26" class="Tests\Feature\RegistrationTest" classname="Tests.Feature.RegistrationTest" assertions="0" time="0.040109">
          <skipped/>
        </testcase>
        <testcase name="test_new_users_can_register" file="/Users/vcnainala/Development/nfdi4chem/coconut/tests/Feature/RegistrationTest.php" line="37" class="Tests\Feature\RegistrationTest" classname="Tests.Feature.RegistrationTest" assertions="4" time="0.101485"/>
      </testsuite>
      <testsuite name="Tests\Feature\UpdatePasswordTest" file="/Users/vcnainala/Development/nfdi4chem/coconut/tests/Feature/UpdatePasswordTest.php" tests="3" assertions="9" errors="0" failures="0" skipped="0" time="0.412589">
        <testcase name="test_new_passwords_must_match" file="/Users/vcnainala/Development/nfdi4chem/coconut/tests/Feature/UpdatePasswordTest.php" line="47" class="Tests\Feature\UpdatePasswordTest" classname="Tests.Feature.UpdatePasswordTest" assertions="4" time="0.156395"/>
        <testcase name="test_password_can_be_updated" file="/Users/vcnainala/Development/nfdi4chem/coconut/tests/Feature/UpdatePasswordTest.php" line="16" class="Tests\Feature\UpdatePasswordTest" classname="Tests.Feature.UpdatePasswordTest" assertions="1" time="0.110064"/>
        <testcase name="test_current_password_must_be_correct" file="/Users/vcnainala/Development/nfdi4chem/coconut/tests/Feature/UpdatePasswordTest.php" line="31" class="Tests\Feature\UpdatePasswordTest" classname="Tests.Feature.UpdatePasswordTest" assertions="4" time="0.146130"/>
      </testsuite>
      <testsuite name="Tests\Feature\EmailVerificationTest" file="/Users/vcnainala/Development/nfdi4chem/coconut/tests/Feature/EmailVerificationTest.php" tests="3" assertions="6" errors="0" failures="0" skipped="0" time="0.142572">
        <testcase name="test_email_can_be_verified" file="/Users/vcnainala/Development/nfdi4chem/coconut/tests/Feature/EmailVerificationTest.php" line="31" class="Tests\Feature\EmailVerificationTest" classname="Tests.Feature.EmailVerificationTest" assertions="4" time="0.047414"/>
        <testcase name="test_email_can_not_verified_with_invalid_hash" file="/Users/vcnainala/Development/nfdi4chem/coconut/tests/Feature/EmailVerificationTest.php" line="55" class="Tests\Feature\EmailVerificationTest" classname="Tests.Feature.EmailVerificationTest" assertions="1" time="0.045160"/>
        <testcase name="test_email_verification_screen_can_be_rendered" file="/Users/vcnainala/Development/nfdi4chem/coconut/tests/Feature/EmailVerificationTest.php" line="18" class="Tests\Feature\EmailVerificationTest" classname="Tests.Feature.EmailVerificationTest" assertions="1" time="0.049999"/>
      </testsuite>
      <testsuite name="Tests\Feature\BrowserSessionsTest" file="/Users/vcnainala/Development/nfdi4chem/coconut/tests/Feature/BrowserSessionsTest.php" tests="1" assertions="1" errors="0" failures="0" skipped="0" time="0.044189">
        <testcase name="test_other_browser_sessions_can_be_logged_out" file="/Users/vcnainala/Development/nfdi4chem/coconut/tests/Feature/BrowserSessionsTest.php" line="15" class="Tests\Feature\BrowserSessionsTest" classname="Tests.Feature.BrowserSessionsTest" assertions="1" time="0.044189"/>
      </testsuite>
      <testsuite name="Tests\Feature\CreateApiTokenTest" file="/Users/vcnainala/Development/nfdi4chem/coconut/tests/Feature/CreateApiTokenTest.php" tests="1" assertions="5" errors="0" failures="0" skipped="0" time="0.067543">
        <testcase name="test_api_tokens_can_be_created" file="/Users/vcnainala/Development/nfdi4chem/coconut/tests/Feature/CreateApiTokenTest.php" line="16" class="Tests\Feature\CreateApiTokenTest" classname="Tests.Feature.CreateApiTokenTest" assertions="5" time="0.067543"/>
      </testsuite>
      <testsuite name="Tests\Feature\ApiTokenPermissionsTest" file="/Users/vcnainala/Development/nfdi4chem/coconut/tests/Feature/ApiTokenPermissionsTest.php" tests="1" assertions="5" errors="0" failures="0" skipped="0" time="0.060309">
        <testcase name="test_api_token_permissions_can_be_updated" file="/Users/vcnainala/Development/nfdi4chem/coconut/tests/Feature/ApiTokenPermissionsTest.php" line="17" class="Tests\Feature\ApiTokenPermissionsTest" classname="Tests.Feature.ApiTokenPermissionsTest" assertions="5" time="0.060309"/>
      </testsuite>
      <testsuite name="Tests\Feature\ExampleTest" file="/Users/vcnainala/Development/nfdi4chem/coconut/tests/Feature/ExampleTest.php" tests="1" assertions="1" errors="0" failures="0" skipped="0" time="0.032435">
        <testcase name="test_the_application_returns_a_successful_response" file="/Users/vcnainala/Development/nfdi4chem/coconut/tests/Feature/ExampleTest.php" line="13" class="Tests\Feature\ExampleTest" classname="Tests.Feature.ExampleTest" assertions="1" time="0.032435"/>
      </testsuite>
      <testsuite name="Tests\Feature\DeleteApiTokenTest" file="/Users/vcnainala/Development/nfdi4chem/coconut/tests/Feature/DeleteApiTokenTest.php" tests="1" assertions="1" errors="0" failures="0" skipped="0" time="0.062169">
        <testcase name="test_api_tokens_can_be_deleted" file="/Users/vcnainala/Development/nfdi4chem/coconut/tests/Feature/DeleteApiTokenTest.php" line="17" class="Tests\Feature\DeleteApiTokenTest" classname="Tests.Feature.DeleteApiTokenTest" assertions="1" time="0.062169"/>
      </testsuite>
      <testsuite name="Tests\Feature\PasswordConfirmationTest" file="/Users/vcnainala/Development/nfdi4chem/coconut/tests/Feature/PasswordConfirmationTest.php" tests="3" assertions="4" errors="0" failures="0" skipped="0" time="0.392624">
        <testcase name="test_password_can_be_confirmed" file="/Users/vcnainala/Development/nfdi4chem/coconut/tests/Feature/PasswordConfirmationTest.php" line="22" class="Tests\Feature\PasswordConfirmationTest" classname="Tests.Feature.PasswordConfirmationTest" assertions="2" time="0.094399"/>
        <testcase name="test_confirm_password_screen_can_be_rendered" file="/Users/vcnainala/Development/nfdi4chem/coconut/tests/Feature/PasswordConfirmationTest.php" line="13" class="Tests\Feature\PasswordConfirmationTest" classname="Tests.Feature.PasswordConfirmationTest" assertions="1" time="0.049350"/>
        <testcase name="test_password_is_not_confirmed_with_invalid_password" file="/Users/vcnainala/Development/nfdi4chem/coconut/tests/Feature/PasswordConfirmationTest.php" line="34" class="Tests\Feature\PasswordConfirmationTest" classname="Tests.Feature.PasswordConfirmationTest" assertions="1" time="0.248875"/>
      </testsuite>
      <testsuite name="Tests\Feature\DeleteAccountTest" file="/Users/vcnainala/Development/nfdi4chem/coconut/tests/Feature/DeleteAccountTest.php" tests="2" assertions="5" errors="0" failures="0" skipped="0" time="0.215338">
        <testcase name="test_user_accounts_can_be_deleted" file="/Users/vcnainala/Development/nfdi4chem/coconut/tests/Feature/DeleteAccountTest.php" line="16" class="Tests\Feature\DeleteAccountTest" classname="Tests.Feature.DeleteAccountTest" assertions="1" time="0.119339"/>
        <testcase name="test_correct_password_must_be_provided_before_account_can_be_deleted" file="/Users/vcnainala/Development/nfdi4chem/coconut/tests/Feature/DeleteAccountTest.php" line="31" class="Tests\Feature\DeleteAccountTest" classname="Tests.Feature.DeleteAccountTest" assertions="4" time="0.095998"/>
      </testsuite>
      <testsuite name="Tests\Feature\ApiDocumentationTest" file="/Users/vcnainala/Development/nfdi4chem/coconut/tests/Feature/ApiDocumentationTest.php" tests="2" assertions="5" errors="0" failures="0" skipped="0" time="1.287998">
        <testcase name="test_generated_openapi_spec_preserves_numeric_response_status_codes" file="/Users/vcnainala/Development/nfdi4chem/coconut/tests/Feature/ApiDocumentationTest.php" line="10" class="Tests\Feature\ApiDocumentationTest" classname="Tests.Feature.ApiDocumentationTest" assertions="4" time="1.260520"/>
        <testcase name="test_api_documentation_page_loads" file="/Users/vcnainala/Development/nfdi4chem/coconut/tests/Feature/ApiDocumentationTest.php" line="33" class="Tests\Feature\ApiDocumentationTest" classname="Tests.Feature.ApiDocumentationTest" assertions="1" time="0.027478"/>
      </testsuite>
      <testsuite name="Tests\Feature\ProfileInformationTest" file="/Users/vcnainala/Development/nfdi4chem/coconut/tests/Feature/ProfileInformationTest.php" tests="2" assertions="5" errors="0" failures="0" skipped="0" time="0.119383">
        <testcase name="test_profile_information_can_be_updated" file="/Users/vcnainala/Development/nfdi4chem/coconut/tests/Feature/ProfileInformationTest.php" line="25" class="Tests\Feature\ProfileInformationTest" classname="Tests.Feature.ProfileInformationTest" assertions="3" time="0.073844"/>
        <testcase name="test_current_profile_information_is_available" file="/Users/vcnainala/Development/nfdi4chem/coconut/tests/Feature/ProfileInformationTest.php" line="15" class="Tests\Feature\ProfileInformationTest" classname="Tests.Feature.ProfileInformationTest" assertions="2" time="0.045538"/>
      </testsuite>
    </testsuite>
  </testsuite>
</testsuites>
